[debug] [2026-02-04T08:29:48.267Z] ----------------------------------------------------------------------
[debug] [2026-02-04T08:29:48.278Z] Command:       C:\Program Files\nodejs\node.exe C:\Users\saksh\AppData\Roaming\npm\node_modules\firebase-tools\lib\bin\firebase.js init
[debug] [2026-02-04T08:29:48.278Z] CLI Version:   15.5.1
[debug] [2026-02-04T08:29:48.278Z] Platform:      win32
[debug] [2026-02-04T08:29:48.278Z] Node Version:  v24.8.0
[debug] [2026-02-04T08:29:48.278Z] Time:          Wed Feb 04 2026 13:59:48 GMT+0530 (India Standard Time)
[debug] [2026-02-04T08:29:48.279Z] ----------------------------------------------------------------------
[debug] 
[info] 
     ######## #### ########  ######## ########     ###     ######  ########
     ##        ##  ##     ## ##       ##     ##  ##   ##  ##       ##
     ######    ##  ########  ######   ########  #########  ######  ######
     ##        ##  ##    ##  ##       ##     ## ##     ##       ## ##
     ##       #### ##     ## ######## ########  ##     ##  ######  ########

You're about to initialize a Firebase project in this directory:

  C:\Users\saksh\OneDrive\Desktop\Resume-optimizer

[debug] [2026-02-04T08:31:08.657Z] ExitPromptError: User force closed the prompt with SIGINT
    at Interface.sigint (C:\Users\saksh\AppData\Roaming\npm\node_modules\firebase-tools\node_modules\@inquirer\core\dist\commonjs\lib\create-prompt.js:101:37)
    at Interface.emit (node:events:508:28)
    at [_ttyWrite] [as _ttyWrite] (node:internal/readline/interface:1311:18)
    at ReadStream.onkeypress (node:internal/readline/interface:284:20)
    at ReadStream.emit (node:events:520:35)
    at emitKeys (node:internal/readline/utils:371:14)
    at emitKeys.next (<anonymous>)
    at ReadStream.onData (node:internal/readline/emitKeypressEvents:64:36)
    at ReadStream.emit (node:events:508:28)
    at addChunk (node:internal/streams/readable:559:12)
[error] 
[error] Error: An unexpected error has occurred.
